<?xml version="1.0" encoding="UTF-8"?>
<testng-results ignored="0" total="1" passed="1" failed="0" skipped="0">
  <reporter-output>
  </reporter-output>
  <suite started-at="2020-07-28T20:01:03Z" name="Default suite" finished-at="2020-07-28T20:01:14Z" duration-ms="10860">
    <groups>
    </groups>
    <test started-at="2020-07-28T20:01:03Z" name="Default test" finished-at="2020-07-28T20:01:14Z" duration-ms="10860">
      <class name="test1.Hello1">
        <test-method signature="test1()[pri:0, instance:test1.Hello1@e15b7e8]" started-at="2020-07-28T20:01:03Z" name="test1" finished-at="2020-07-28T20:01:14Z" duration-ms="10828" status="PASS">
          <reporter-output>
          </reporter-output>
        </test-method> <!-- test1 -->
      </class> <!-- test1.Hello1 -->
    </test> <!-- Default test -->
  </suite> <!-- Default suite -->
</testng-results>
